[2025-01-17 14:21:17] INFO: Starting application initialization...
[2025-01-17 14:21:17] INFO: Connecting to MongoDB database...
[2025-01-17 14:21:17] INFO: Connecting to Redis cache...
[2025-01-17 14:21:17] INFO: Creating database indexes...
[2025-01-17 14:21:17] SUCCESS: Application initialized successfully!
[2025-01-17 14:21:53] INFO: URL shortening request received for: https://www.mongodb.com/resources/products/compatibilities/docker
[2025-01-17 14:21:53] SUCCESS: URL shortened successfully: WFV0J6
[2025-01-17 14:22:07] INFO: Original URL requested for short code: dfgjdfgh
[2025-01-17 14:22:07] WARNING: URL not found for short code: dfgjdfgh
[2025-01-17 14:52:02] INFO: Starting application initialization...
[2025-01-17 14:52:02] INFO: Connecting to MongoDB database...
[2025-01-17 14:52:02] INFO: Connecting to Redis cache...
[2025-01-17 14:52:02] INFO: Creating database indexes...
[2025-01-17 14:52:02] INFO: Starting application initialization...
[2025-01-17 14:52:02] INFO: Connecting to MongoDB database...
[2025-01-17 14:52:02] INFO: Connecting to Redis cache...
[2025-01-17 14:52:02] INFO: Creating database indexes...
[2025-01-17 14:52:02] INFO: Starting application initialization...
[2025-01-17 14:52:02] INFO: Connecting to MongoDB database...
[2025-01-17 14:52:02] INFO: Connecting to Redis cache...
[2025-01-17 14:52:02] INFO: Creating database indexes...
[2025-01-17 14:52:02] SUCCESS: Application initialized successfully!
[2025-01-17 14:52:02] SUCCESS: Application initialized successfully!
[2025-01-17 14:52:02] SUCCESS: Application initialized successfully!
[2025-01-17 14:54:24] INFO: Starting application initialization...
[2025-01-17 14:54:24] INFO: Connecting to MongoDB database...
[2025-01-17 14:54:24] INFO: Connecting to Redis cache...
[2025-01-17 14:54:24] INFO: Creating database indexes...
[2025-01-17 14:54:24] INFO: Starting application initialization...
[2025-01-17 14:54:24] INFO: Connecting to MongoDB database...
[2025-01-17 14:54:24] INFO: Connecting to Redis cache...
[2025-01-17 14:54:24] INFO: Creating database indexes...
[2025-01-17 14:54:24] SUCCESS: Application initialized successfully!
[2025-01-17 14:54:24] SUCCESS: Application initialized successfully!
[2025-01-17 14:54:24] INFO: Starting application initialization...
[2025-01-17 14:54:24] INFO: Connecting to MongoDB database...
[2025-01-17 14:54:24] INFO: Connecting to Redis cache...
[2025-01-17 14:54:24] INFO: Creating database indexes...
[2025-01-17 14:54:24] SUCCESS: Application initialized successfully!
[2025-01-17 14:57:59] INFO: Starting application initialization...
[2025-01-17 14:57:59] INFO: Starting application initialization...
[2025-01-17 14:57:59] INFO: Connecting to MongoDB database...
[2025-01-17 14:57:59] INFO: Connecting to Redis cache...
[2025-01-17 14:57:59] INFO: Connecting to MongoDB database...
[2025-01-17 14:57:59] INFO: Creating database indexes...
[2025-01-17 14:57:59] INFO: Connecting to Redis cache...
[2025-01-17 14:57:59] INFO: Creating database indexes...
[2025-01-17 14:57:59] INFO: Starting application initialization...
[2025-01-17 14:57:59] INFO: Connecting to MongoDB database...
[2025-01-17 14:57:59] INFO: Connecting to Redis cache...
[2025-01-17 14:57:59] INFO: Creating database indexes...
[2025-01-17 14:57:59] SUCCESS: Application initialized successfully!
[2025-01-17 14:57:59] SUCCESS: Application initialized successfully!
[2025-01-17 14:57:59] SUCCESS: Application initialized successfully!
[2025-01-17 15:01:09] INFO: URL shortening request received for: https://www.mongodb.com/resources/products/compatibilities/docker
[2025-01-17 15:01:09] SUCCESS: URL shortened successfully: 5PDg0M
[2025-01-17 15:01:19] INFO: URL shortening request received for: https://www.mongodb.com/resources/products/compatibilities/docker
[2025-01-17 15:01:19] INFO: URL already exists with short code: 5PDg0M
[2025-01-17 15:01:34] INFO: Original URL requested for short code: 5PDg0M
[2025-01-17 15:01:34] SUCCESS: Original URL retrieved for 5PDg0M
[2025-01-17 15:03:33] INFO: URL shortening request received for: https://www.mongodb.com/resources/products/compatibilities/docker
[2025-01-17 15:03:33] INFO: URL already exists with short code: 5PDg0M
[2025-01-17 15:03:38] INFO: URL shortening request received for: https://www.mongodb.com/resources/products/compatibilities/docker
[2025-01-17 15:03:38] INFO: URL already exists with short code: 5PDg0M
[2025-01-17 15:06:02] INFO: Redirect request received for code: 5PDg0M
[2025-01-17 15:06:02] ERROR: Error processing redirect for 5PDg0M: Error -2 connecting to redis://redis:6379:6379. -2.
[2025-01-17 15:06:23] INFO: Redirect request received for code: 5PDg0M
[2025-01-17 15:06:23] ERROR: Error processing redirect for 5PDg0M: Error -2 connecting to redis://redis:6379:6379. -2.
[2025-01-17 15:09:09] INFO: Starting application initialization...
[2025-01-17 15:09:09] INFO: Connecting to MongoDB database...
[2025-01-17 15:09:09] INFO: Connecting to Redis cache...
[2025-01-17 15:09:09] INFO: Creating database indexes...
[2025-01-17 15:09:09] INFO: Starting application initialization...
[2025-01-17 15:09:09] INFO: Connecting to MongoDB database...
[2025-01-17 15:09:09] INFO: Connecting to Redis cache...
[2025-01-17 15:09:09] INFO: Creating database indexes...
[2025-01-17 15:09:09] INFO: Starting application initialization...
[2025-01-17 15:09:09] INFO: Connecting to MongoDB database...
[2025-01-17 15:09:09] INFO: Connecting to Redis cache...
[2025-01-17 15:09:09] INFO: Creating database indexes...
[2025-01-17 15:09:09] SUCCESS: Application initialized successfully!
[2025-01-17 15:09:09] SUCCESS: Application initialized successfully!
[2025-01-17 15:09:09] SUCCESS: Application initialized successfully!
[2025-01-17 15:09:20] INFO: URL shortening request received for: https://www.mongodb.com/resources/products/compatibilities/docker
[2025-01-17 15:09:20] SUCCESS: URL shortened successfully: UVa6DQ
[2025-01-17 15:09:22] INFO: Redirect request received for code: UVa6DQ
[2025-01-17 15:09:22] DEBUG: Cache miss for UVa6DQ, querying database
[2025-01-17 15:09:22] SUCCESS: Redirect successful: UVa6DQ -> https://www.mongodb.com/resources/products/compatibilities/docker (took 0.00s)
[2025-01-17 15:09:47] INFO: Redirect request received for code: UVa6DQ
[2025-01-17 15:09:47] DEBUG: Cache hit for UVa6DQ
[2025-01-17 15:09:47] SUCCESS: Redirect served from cache (took 0.00s)
[2025-01-17 15:12:27] INFO: URL shortening request received for: https://github.com/Simi24/adk-url-shortner-challenge
[2025-01-17 15:12:27] SUCCESS: URL shortened successfully: 4yqpC7
[2025-01-17 15:21:21] INFO: Starting application initialization...
[2025-01-17 15:21:21] INFO: Connecting to MongoDB database...
[2025-01-17 15:21:21] INFO: Connecting to Redis cache...
[2025-01-17 15:21:21] INFO: Creating database indexes...
[2025-01-17 15:21:21] SUCCESS: Application initialized successfully!
[2025-01-17 15:21:21] INFO: Starting application initialization...
[2025-01-17 15:21:21] INFO: Connecting to MongoDB database...
[2025-01-17 15:21:21] INFO: Starting application initialization...
[2025-01-17 15:21:21] INFO: Connecting to Redis cache...
[2025-01-17 15:21:21] INFO: Creating database indexes...
[2025-01-17 15:21:21] SUCCESS: Application initialized successfully!
[2025-01-17 15:21:21] INFO: Connecting to MongoDB database...
[2025-01-17 15:21:21] INFO: Connecting to Redis cache...
[2025-01-17 15:21:21] INFO: Creating database indexes...
[2025-01-17 15:21:21] SUCCESS: Application initialized successfully!
[2025-01-17 15:26:59] INFO: Starting application initialization...
[2025-01-17 15:26:59] INFO: Connecting to MongoDB database...
[2025-01-17 15:26:59] INFO: Connecting to Redis cache...
[2025-01-17 15:26:59] INFO: Creating database indexes...
[2025-01-17 15:26:59] SUCCESS: Application initialized successfully!
[2025-01-17 15:26:59] INFO: Starting application initialization...
[2025-01-17 15:26:59] INFO: Connecting to MongoDB database...
[2025-01-17 15:26:59] INFO: Connecting to Redis cache...
[2025-01-17 15:26:59] INFO: Creating database indexes...
[2025-01-17 15:26:59] SUCCESS: Application initialized successfully!
[2025-01-17 15:26:59] INFO: Starting application initialization...
[2025-01-17 15:26:59] INFO: Connecting to MongoDB database...
[2025-01-17 15:26:59] INFO: Connecting to Redis cache...
[2025-01-17 15:26:59] INFO: Creating database indexes...
[2025-01-17 15:26:59] SUCCESS: Application initialized successfully!
[2025-01-17 15:27:16] INFO: URL shortening request received for: https://www.mongodb.com/resources/products/compatibilities/docker
[2025-01-17 15:27:16] SUCCESS: URL shortened successfully: j4ojbI
[2025-01-17 15:27:20] INFO: Redirect request received for code: j4ojbI
[2025-01-17 15:27:20] DEBUG: Cache miss for j4ojbI, querying database
[2025-01-17 15:27:20] SUCCESS: Redirect successful: j4ojbI -> https://www.mongodb.com/resources/products/compatibilities/docker (took 0.00s)
[2025-01-17 15:27:32] INFO: Redirect request received for code: j4ojbI
[2025-01-17 15:27:32] DEBUG: Cache hit for j4ojbI
[2025-01-17 15:27:32] SUCCESS: Redirect served from cache (took 0.00s)
[2025-01-17 15:29:26] INFO: Starting application initialization...
[2025-01-17 15:29:26] INFO: Connecting to MongoDB database...
[2025-01-17 15:29:26] INFO: Starting application initialization...
[2025-01-17 15:29:26] INFO: Connecting to Redis cache...
[2025-01-17 15:29:26] INFO: Connecting to MongoDB database...
[2025-01-17 15:29:26] INFO: Creating database indexes...
[2025-01-17 15:29:26] INFO: Connecting to Redis cache...
[2025-01-17 15:29:26] INFO: Creating database indexes...
[2025-01-17 15:29:26] INFO: Starting application initialization...
[2025-01-17 15:29:26] INFO: Connecting to MongoDB database...
[2025-01-17 15:29:26] INFO: Connecting to Redis cache...
[2025-01-17 15:29:26] INFO: Creating database indexes...
[2025-01-17 15:29:26] SUCCESS: Application initialized successfully!
[2025-01-17 15:29:26] SUCCESS: Application initialized successfully!
[2025-01-17 15:29:26] SUCCESS: Application initialized successfully!
[2025-01-17 15:29:31] INFO: URL shortening request received for: https://www.mongodb.com/resources/products/compatibilities/docker
[2025-01-17 15:29:32] INFO: URL already exists with short code: j4ojbI
[2025-01-17 15:29:35] INFO: Redirect request received for code: j4ojbI
[2025-01-17 15:29:35] DEBUG: Cache miss for j4ojbI, querying database
[2025-01-17 15:29:35] SUCCESS: Redirect successful: j4ojbI -> https://www.mongodb.com/resources/products/compatibilities/docker (took 0.00s)
[2025-01-17 15:38:37] INFO: Starting application initialization...
[2025-01-17 15:38:37] INFO: Connecting to MongoDB database...
[2025-01-17 15:38:37] INFO: Connecting to Redis cache...
[2025-01-17 15:38:37] INFO: Creating database indexes...
[2025-01-17 15:38:37] INFO: Starting application initialization...
[2025-01-17 15:38:37] INFO: Starting application initialization...
[2025-01-17 15:38:37] INFO: Connecting to MongoDB database...
[2025-01-17 15:38:37] INFO: Connecting to MongoDB database...
[2025-01-17 15:38:37] INFO: Connecting to Redis cache...
[2025-01-17 15:38:37] INFO: Connecting to Redis cache...
[2025-01-17 15:38:37] INFO: Creating database indexes...
[2025-01-17 15:38:37] INFO: Creating database indexes...
[2025-01-17 15:38:37] SUCCESS: Application initialized successfully!
[2025-01-17 15:38:37] SUCCESS: Application initialized successfully!
[2025-01-17 15:38:37] SUCCESS: Application initialized successfully!
[2025-01-17 15:38:50] INFO: URL shortening request received for: https://www.mongodb.com/resources/products/compatibilities/docker
[2025-01-17 15:38:50] INFO: URL already exists with short code: j4ojbI
[2025-01-17 15:38:53] INFO: Redirect request received for code: j4ojbI
[2025-01-17 15:38:53] DEBUG: Cache miss for j4ojbI, querying database
[2025-01-17 15:38:53] SUCCESS: Redirect successful: j4ojbI -> https://www.mongodb.com/resources/products/compatibilities/docker (took 0.00s)
[2025-01-17 15:40:01] INFO: Starting application initialization...
[2025-01-17 15:40:01] INFO: Connecting to MongoDB database...
[2025-01-17 15:40:01] INFO: Connecting to Redis cache...
[2025-01-17 15:40:01] INFO: Creating database indexes...
[2025-01-17 15:40:01] INFO: Starting application initialization...
[2025-01-17 15:40:01] INFO: Connecting to MongoDB database...
[2025-01-17 15:40:01] INFO: Starting application initialization...
[2025-01-17 15:40:01] INFO: Connecting to Redis cache...
[2025-01-17 15:40:01] INFO: Connecting to MongoDB database...
[2025-01-17 15:40:01] INFO: Creating database indexes...
[2025-01-17 15:40:01] INFO: Connecting to Redis cache...
[2025-01-17 15:40:01] INFO: Creating database indexes...
[2025-01-17 15:40:01] SUCCESS: Application initialized successfully!
[2025-01-17 15:40:01] SUCCESS: Application initialized successfully!
[2025-01-17 15:40:01] SUCCESS: Application initialized successfully!
[2025-01-17 15:40:06] INFO: URL shortening request received for: https://www.mongodb.com/resources/products/compatibilities/docker
[2025-01-17 15:40:06] INFO: URL already exists with short code: j4ojbI
[2025-01-17 15:40:08] INFO: Redirect request received for code: j4ojbI
[2025-01-17 15:40:08] DEBUG: Cache miss for j4ojbI, querying database
[2025-01-17 15:40:08] SUCCESS: Redirect successful: j4ojbI -> https://www.mongodb.com/resources/products/compatibilities/docker (took 0.00s)
[2025-01-17 15:41:18] INFO: Starting application initialization...
[2025-01-17 15:41:18] INFO: Starting application initialization...
[2025-01-17 15:41:18] INFO: Connecting to MongoDB database...
[2025-01-17 15:41:18] INFO: Connecting to MongoDB database...
[2025-01-17 15:41:18] INFO: Connecting to Redis cache...
[2025-01-17 15:41:18] INFO: Creating database indexes...
[2025-01-17 15:41:18] INFO: Connecting to Redis cache...
[2025-01-17 15:41:18] INFO: Creating database indexes...
[2025-01-17 15:41:18] INFO: Starting application initialization...
[2025-01-17 15:41:18] INFO: Connecting to MongoDB database...
[2025-01-17 15:41:18] INFO: Connecting to Redis cache...
[2025-01-17 15:41:18] INFO: Creating database indexes...
[2025-01-17 15:41:19] SUCCESS: Application initialized successfully!
[2025-01-17 15:41:19] SUCCESS: Application initialized successfully!
[2025-01-17 15:41:19] SUCCESS: Application initialized successfully!
[2025-01-17 15:41:27] INFO: URL shortening request received for: https://www.mongodb.com/resources/products/compatibilities/docker
[2025-01-17 15:41:27] INFO: URL already exists with short code: j4ojbI
[2025-01-17 15:41:29] INFO: Redirect request received for code: j4ojbI
[2025-01-17 15:41:29] DEBUG: Cache miss for j4ojbI, querying database
[2025-01-17 15:41:29] SUCCESS: Redirect successful: j4ojbI -> https://www.mongodb.com/resources/products/compatibilities/docker (took 0.00s)
[2025-01-17 15:43:30] INFO: Starting application initialization...
[2025-01-17 15:43:30] INFO: Connecting to MongoDB database...
[2025-01-17 15:43:30] INFO: Connecting to Redis cache...
[2025-01-17 15:43:30] INFO: Creating database indexes...
[2025-01-17 15:43:30] INFO: Starting application initialization...
[2025-01-17 15:43:30] INFO: Connecting to MongoDB database...
[2025-01-17 15:43:30] INFO: Connecting to Redis cache...
[2025-01-17 15:43:30] INFO: Creating database indexes...
[2025-01-17 15:43:30] INFO: Starting application initialization...
[2025-01-17 15:43:30] INFO: Connecting to MongoDB database...
[2025-01-17 15:43:30] INFO: Connecting to Redis cache...
[2025-01-17 15:43:30] INFO: Creating database indexes...
[2025-01-17 15:43:31] SUCCESS: Application initialized successfully!
[2025-01-17 15:43:31] SUCCESS: Application initialized successfully!
[2025-01-17 15:43:31] SUCCESS: Application initialized successfully!
[2025-01-17 15:43:34] INFO: URL shortening request received for: https://www.mongodb.com/resources/products/compatibilities/docker
[2025-01-17 15:43:34] INFO: URL already exists with short code: j4ojbI
[2025-01-17 15:43:37] INFO: Redirect request received for code: j4ojbI
[2025-01-17 15:43:37] DEBUG: Cache miss for j4ojbI, querying database
[2025-01-17 15:43:37] SUCCESS: Redirect successful: j4ojbI -> https://www.mongodb.com/resources/products/compatibilities/docker (took 0.00s)
[2025-01-17 15:43:43] INFO: URL shortening request received for: https://www.mongodb.com/resources/products/compatibilities/docker
[2025-01-17 15:43:43] INFO: URL already exists with short code: j4ojbI
[2025-01-17 17:05:40] INFO: Starting application initialization...
[2025-01-17 17:05:40] INFO: Connecting to MongoDB database...
[2025-01-17 17:05:40] INFO: Connecting to Redis cache...
[2025-01-17 17:05:40] INFO: Creating database indexes...
[2025-01-17 17:05:40] INFO: Starting application initialization...
[2025-01-17 17:05:40] INFO: Connecting to MongoDB database...
[2025-01-17 17:05:40] INFO: Connecting to Redis cache...
[2025-01-17 17:05:40] INFO: Starting application initialization...
[2025-01-17 17:05:40] INFO: Creating database indexes...
[2025-01-17 17:05:40] SUCCESS: Application initialized successfully!
[2025-01-17 17:05:40] INFO: Connecting to MongoDB database...
[2025-01-17 17:05:40] INFO: Connecting to Redis cache...
[2025-01-17 17:05:40] INFO: Creating database indexes...
[2025-01-17 17:05:40] SUCCESS: Application initialized successfully!
[2025-01-17 17:05:41] SUCCESS: Application initialized successfully!
[2025-01-17 17:05:50] INFO: URL shortening request received for: https://www.mongodb.com/resources/products/compatibilities/docker
[2025-01-17 17:05:50] INFO: URL already exists with short code: j4ojbI
[2025-01-17 17:06:01] INFO: Redirect request received for code: j4ojbI
[2025-01-17 17:06:01] DEBUG: Cache hit for j4ojbI
[2025-01-17 17:06:01] SUCCESS: Redirect served from cache (took 0.00s)
[2025-01-17 17:06:13] INFO: Redirect request received for code: j4ojbI
[2025-01-17 17:06:13] DEBUG: Cache hit for j4ojbI
[2025-01-17 17:06:13] SUCCESS: Redirect served from cache (took 0.00s)
[2025-01-17 17:06:25] INFO: Original URL requested for short code: j4ojbI
[2025-01-17 17:06:25] SUCCESS: Original URL retrieved for j4ojbI
[2025-01-17 17:09:19] INFO: URL shortening request received for: https://www.mongodb.com/resources/products/compatibilities/docker
[2025-01-17 17:09:19] INFO: URL already exists with short code: j4ojbI
[2025-01-17 17:09:23] INFO: Redirect request received for code: j4ojbI
[2025-01-17 17:09:23] DEBUG: Cache hit for j4ojbI
[2025-01-17 17:09:23] SUCCESS: Redirect served from cache (took 0.00s)
[2025-01-17 17:14:00] INFO: URL shortening request received for: https://www.mongodb.com/resources/products/compatibilities/docker
[2025-01-17 17:14:00] INFO: URL already exists with short code: j4ojbI
[2025-01-17 17:14:01] INFO: Redirect request received for code: j4ojbI
[2025-01-17 17:14:01] DEBUG: Cache hit for j4ojbI
[2025-01-17 17:14:01] SUCCESS: Redirect served from cache (took 0.00s)
[2025-01-17 17:14:14] INFO: Original URL requested for short code: SWiaN5
[2025-01-17 17:14:14] DEBUG: URL not found for short code: SWiaN5
[2025-01-17 17:14:29] INFO: URL shortening request received for: https://www.mongodb.com/resources/products/compatibilities/docker
[2025-01-17 17:14:29] INFO: URL already exists with short code: j4ojbI
[2025-01-17 17:14:32] INFO: URL shortening request received for: https://www.mongodb.com/resources/products/compatibilities/docker
[2025-01-17 17:14:32] INFO: URL already exists with short code: j4ojbI
[2025-01-17 17:14:34] INFO: Redirect request received for code: j4ojbI
[2025-01-17 17:14:34] DEBUG: Cache hit for j4ojbI
[2025-01-17 17:14:34] SUCCESS: Redirect served from cache (took 0.00s)
[2025-01-17 17:14:40] INFO: URL shortening request received for: https://www.mongodb.com/resources/products/compatibilities/docker
[2025-01-17 17:14:40] INFO: URL already exists with short code: j4ojbI
[2025-01-17 17:14:53] INFO: Redirect request received for code: j4ojbI
[2025-01-17 17:14:53] DEBUG: Cache hit for j4ojbI
[2025-01-17 17:14:53] SUCCESS: Redirect served from cache (took 0.00s)
[2025-01-17 17:14:59] INFO: URL shortening request received for: https://www.mongodb.com/resources/products/compatibilities/docker
[2025-01-17 17:14:59] INFO: URL already exists with short code: j4ojbI
[2025-01-17 17:15:06] INFO: URL shortening request received for: https://www.mongodb.com/resources/products/compatibilities/docker
[2025-01-17 17:15:06] INFO: URL already exists with short code: j4ojbI
[2025-01-17 17:22:32] INFO: Starting application initialization...
[2025-01-17 17:22:32] INFO: Connecting to MongoDB database...
[2025-01-17 17:22:32] INFO: Connecting to Redis cache...
[2025-01-17 17:22:32] INFO: Creating database indexes...
[2025-01-17 17:22:32] INFO: Starting application initialization...
[2025-01-17 17:22:32] INFO: Connecting to MongoDB database...
[2025-01-17 17:22:32] INFO: Starting application initialization...
[2025-01-17 17:22:32] INFO: Connecting to Redis cache...
[2025-01-17 17:22:32] INFO: Connecting to MongoDB database...
[2025-01-17 17:22:32] INFO: Creating database indexes...
[2025-01-17 17:22:32] INFO: Connecting to Redis cache...
[2025-01-17 17:22:32] INFO: Creating database indexes...
[2025-01-17 17:22:33] SUCCESS: Application initialized successfully!
[2025-01-17 17:22:33] SUCCESS: Application initialized successfully!
[2025-01-17 17:22:33] SUCCESS: Application initialized successfully!
[2025-01-17 17:22:38] INFO: URL shortening request received for: https://www.mongodb.com/resources/products/compatibilities/docker
[2025-01-17 17:22:38] INFO: URL already exists with short code: j4ojbI
[2025-01-17 17:22:49] INFO: Redirect request received for code: j4ojbI
[2025-01-17 17:22:49] DEBUG: Cache miss for j4ojbI, querying database
[2025-01-17 17:22:49] SUCCESS: Redirect successful: j4ojbI -> https://www.mongodb.com/resources/products/compatibilities/docker (took 0.00s)
[2025-01-17 17:22:54] INFO: URL shortening request received for: https://www.mongodb.com/resources/products/compatibilities/docker
[2025-01-17 17:22:54] INFO: URL already exists with short code: j4ojbI
[2025-01-17 17:28:42] INFO: Starting application initialization...
[2025-01-17 17:28:42] INFO: Connecting to MongoDB database...
[2025-01-17 17:28:42] INFO: Connecting to Redis cache...
[2025-01-17 17:28:42] INFO: Starting application initialization...
[2025-01-17 17:28:42] INFO: Creating database indexes...
[2025-01-17 17:28:42] INFO: Connecting to MongoDB database...
[2025-01-17 17:28:42] INFO: Connecting to Redis cache...
[2025-01-17 17:28:42] INFO: Creating database indexes...
[2025-01-17 17:28:42] INFO: Starting application initialization...
[2025-01-17 17:28:42] INFO: Connecting to MongoDB database...
[2025-01-17 17:28:42] INFO: Connecting to Redis cache...
[2025-01-17 17:28:42] INFO: Creating database indexes...
[2025-01-17 17:28:42] SUCCESS: Application initialized successfully!
[2025-01-17 17:28:42] SUCCESS: Application initialized successfully!
[2025-01-17 17:28:42] SUCCESS: Application initialized successfully!
[2025-01-17 17:28:47] INFO: URL shortening request received for: https://www.mongodb.com/resources/products/compatibilities/docker
[2025-01-17 17:28:47] INFO: URL already exists with short code: j4ojbI
[2025-01-17 17:28:48] INFO: Redirect request received for code: j4ojbI
[2025-01-17 17:28:48] DEBUG: Cache miss for j4ojbI, querying database
[2025-01-17 17:28:48] SUCCESS: Redirect successful: j4ojbI -> https://www.mongodb.com/resources/products/compatibilities/docker (took 0.00s)
[2025-01-17 17:28:54] INFO: Redirect request received for code: j4ojbI
[2025-01-17 17:28:54] DEBUG: Cache hit for j4ojbI
[2025-01-17 17:28:54] ERROR: Error processing redirect for j4ojbI: a coroutine was expected, got <Future pending cb=[_chain_future.<locals>._call_check_cancel() at /usr/local/lib/python3.9/asyncio/futures.py:384]>
[2025-01-17 17:30:40] INFO: Starting application initialization...
[2025-01-17 17:30:40] INFO: Connecting to MongoDB database...
[2025-01-17 17:30:40] INFO: Connecting to Redis cache...
[2025-01-17 17:30:40] INFO: Creating database indexes...
[2025-01-17 17:30:40] INFO: Starting application initialization...
[2025-01-17 17:30:40] INFO: Starting application initialization...
[2025-01-17 17:30:40] INFO: Connecting to MongoDB database...
[2025-01-17 17:30:40] INFO: Connecting to MongoDB database...
[2025-01-17 17:30:40] INFO: Connecting to Redis cache...
[2025-01-17 17:30:40] INFO: Connecting to Redis cache...
[2025-01-17 17:30:40] INFO: Creating database indexes...
[2025-01-17 17:30:40] INFO: Creating database indexes...
[2025-01-17 17:30:40] SUCCESS: Application initialized successfully!
[2025-01-17 17:30:40] SUCCESS: Application initialized successfully!
[2025-01-17 17:30:40] SUCCESS: Application initialized successfully!
[2025-01-17 17:30:45] INFO: URL shortening request received for: https://www.mongodb.com/resources/products/compatibilities/docker
[2025-01-17 17:30:45] INFO: URL already exists with short code: j4ojbI
[2025-01-17 17:30:47] INFO: Redirect request received for code: j4ojbI
[2025-01-17 17:30:47] DEBUG: Cache miss for j4ojbI, querying database
[2025-01-17 17:30:47] SUCCESS: Redirect successful: j4ojbI -> https://www.mongodb.com/resources/products/compatibilities/docker (took 0.00s)
[2025-01-17 17:30:51] INFO: Redirect request received for code: j4ojbI
[2025-01-17 17:30:51] DEBUG: Cache hit for j4ojbI
[2025-01-17 17:30:51] SUCCESS: Redirect served from cache (took 0.00s)
[2025-01-17 17:30:59] INFO: Redirect request received for code: j4ojbI
[2025-01-17 17:30:59] DEBUG: Cache hit for j4ojbI
[2025-01-17 17:30:59] SUCCESS: Redirect served from cache (took 0.00s)
[2025-01-17 17:31:20] INFO: URL shortening request received for: https://www.mongodb.com/resources/products/compatibilities/docker
[2025-01-17 17:31:20] INFO: URL already exists with short code: j4ojbI
[2025-01-17 17:31:24] INFO: URL shortening request received for: https://www.mongodb.com/resources/products/compatibilities/docker
[2025-01-17 17:31:24] INFO: URL already exists with short code: j4ojbI
[2025-01-17 18:18:47] INFO: Starting application initialization...
[2025-01-17 18:18:47] INFO: Connecting to MongoDB database...
[2025-01-17 18:18:47] INFO: Connecting to Redis cache...
[2025-01-17 18:18:47] INFO: Creating database indexes...
[2025-01-17 18:18:47] INFO: Starting application initialization...
[2025-01-17 18:18:47] INFO: Connecting to MongoDB database...
[2025-01-17 18:18:47] INFO: Connecting to Redis cache...
[2025-01-17 18:18:47] INFO: Creating database indexes...
[2025-01-17 18:18:47] INFO: Starting application initialization...
[2025-01-17 18:18:47] INFO: Connecting to MongoDB database...
[2025-01-17 18:18:47] INFO: Connecting to Redis cache...
[2025-01-17 18:18:47] INFO: Creating database indexes...
[2025-01-17 18:18:47] SUCCESS: Application initialized successfully!
[2025-01-17 18:18:47] SUCCESS: Application initialized successfully!
[2025-01-17 18:18:47] SUCCESS: Application initialized successfully!
[2025-01-17 18:29:20] INFO: URL shortening request received for: https://www.mongodb.com/resources/products/compatibilities/docker
[2025-01-17 18:29:20] INFO: URL already exists with short code: j4ojbI
[2025-01-17 18:30:13] INFO: Original URL requested for short code: j4ojbI
[2025-01-17 18:30:13] SUCCESS: Original URL retrieved for j4ojbI
[2025-01-17 18:30:55] INFO: Redirect request received for code: j4ojbI
[2025-01-17 18:30:55] DEBUG: Cache hit for j4ojbI
[2025-01-17 18:30:55] SUCCESS: Redirect served from cache (took 0.00s)
[2025-01-17 18:31:21] INFO: Redirect request received for code: j4ojbI
[2025-01-17 18:31:21] DEBUG: Cache hit for j4ojbI
[2025-01-17 18:31:21] SUCCESS: Redirect served from cache (took 0.00s)
[2025-01-17 18:31:40] INFO: URL shortening request received for: https://github.com/AdKaora/adk-url-shortner-challenge
[2025-01-17 18:31:40] SUCCESS: URL shortened successfully: Zo42ON
[2025-01-17 18:32:27] INFO: Redirect request received for code: Zo42ON
[2025-01-17 18:32:27] DEBUG: Cache miss for Zo42ON, querying database
[2025-01-17 18:32:27] SUCCESS: Redirect successful: Zo42ON -> https://github.com/AdKaora/adk-url-shortner-challenge (took 0.00s)
[2025-01-17 18:34:01] INFO: Redirect request received for code: Zo42ON
[2025-01-17 18:34:01] DEBUG: Cache hit for Zo42ON
[2025-01-17 18:34:01] SUCCESS: Redirect served from cache (took 0.00s)
[2025-01-17 18:34:12] INFO: Redirect request received for code: Zo42ON
[2025-01-17 18:34:12] DEBUG: Cache hit for Zo42ON
[2025-01-17 18:34:12] SUCCESS: Redirect served from cache (took 0.00s)
[2025-01-17 18:34:29] INFO: URL shortening request received for: https://github.com/AdKaora/adk-url-shortner-challenge
[2025-01-17 18:34:29] INFO: URL already exists with short code: Zo42ON
